{"C:\\Users\\mabdu\\OneDrive\\Documents\\exam\\app.js": {"path":"C:\\Users\\mabdu\\OneDrive\\Documents\\exam\\app.js","statementMap":{"0":{"start":{"line":1,"column":16},"end":{"line":1,"column":34}},"1":{"start":{"line":2,"column":19},"end":{"line":2,"column":41}},"2":{"start":{"line":3,"column":0},"end":{"line":3,"column":27}},"3":{"start":{"line":4,"column":17},"end":{"line":4,"column":36}},"4":{"start":{"line":5,"column":13},"end":{"line":5,"column":37}},"5":{"start":{"line":6,"column":13},"end":{"line":6,"column":28}},"6":{"start":{"line":7,"column":23},"end":{"line":7,"column":49}},"7":{"start":{"line":8,"column":12},"end":{"line":8,"column":21}},"8":{"start":{"line":9,"column":13},"end":{"line":9,"column":17}},"9":{"start":{"line":11,"column":0},"end":{"line":11,"column":35}},"10":{"start":{"line":13,"column":0},"end":{"line":13,"column":32}},"11":{"start":{"line":15,"column":0},"end":{"line":15,"column":30}},"12":{"start":{"line":16,"column":0},"end":{"line":16,"column":48}},"13":{"start":{"line":18,"column":0},"end":{"line":18,"column":34}},"14":{"start":{"line":22,"column":0},"end":{"line":22,"column":52}},"15":{"start":{"line":23,"column":0},"end":{"line":23,"column":27}},"16":{"start":{"line":25,"column":19},"end":{"line":25,"column":44}},"17":{"start":{"line":26,"column":18},"end":{"line":26,"column":42}},"18":{"start":{"line":28,"column":0},"end":{"line":28,"column":25}},"19":{"start":{"line":29,"column":0},"end":{"line":29,"column":24}},"20":{"start":{"line":31,"column":0},"end":{"line":33,"column":3}},"21":{"start":{"line":32,"column":4},"end":{"line":32,"column":24}},"22":{"start":{"line":35,"column":0},"end":{"line":37,"column":3}},"23":{"start":{"line":36,"column":4},"end":{"line":36,"column":24}},"24":{"start":{"line":39,"column":0},"end":{"line":41,"column":3}},"25":{"start":{"line":40,"column":4},"end":{"line":40,"column":25}},"26":{"start":{"line":43,"column":0},"end":{"line":45,"column":3}},"27":{"start":{"line":44,"column":4},"end":{"line":44,"column":25}},"28":{"start":{"line":51,"column":0},"end":{"line":53,"column":3}},"29":{"start":{"line":52,"column":2},"end":{"line":52,"column":51}},"30":{"start":{"line":55,"column":0},"end":{"line":55,"column":21}}},"fnMap":{"0":{"name":"(anonymous_0)","decl":{"start":{"line":31,"column":13},"end":{"line":31,"column":14}},"loc":{"start":{"line":31,"column":27},"end":{"line":33,"column":1}},"line":31},"1":{"name":"(anonymous_1)","decl":{"start":{"line":35,"column":18},"end":{"line":35,"column":19}},"loc":{"start":{"line":35,"column":32},"end":{"line":37,"column":1}},"line":35},"2":{"name":"(anonymous_2)","decl":{"start":{"line":39,"column":19},"end":{"line":39,"column":20}},"loc":{"start":{"line":39,"column":33},"end":{"line":41,"column":1}},"line":39},"3":{"name":"(anonymous_3)","decl":{"start":{"line":43,"column":19},"end":{"line":43,"column":20}},"loc":{"start":{"line":43,"column":33},"end":{"line":45,"column":1}},"line":43},"4":{"name":"(anonymous_4)","decl":{"start":{"line":51,"column":17},"end":{"line":51,"column":18}},"loc":{"start":{"line":51,"column":23},"end":{"line":53,"column":1}},"line":51}},"branchMap":{},"s":{"0":1,"1":1,"2":1,"3":1,"4":1,"5":1,"6":1,"7":1,"8":1,"9":1,"10":1,"11":1,"12":1,"13":1,"14":1,"15":1,"16":1,"17":1,"18":1,"19":1,"20":1,"21":0,"22":1,"23":0,"24":1,"25":0,"26":1,"27":0,"28":1,"29":1,"30":1},"f":{"0":0,"1":0,"2":0,"3":0,"4":1},"b":{},"_coverageSchema":"1a1c01bbd47fc00a2c39e90264f33305004495a9","hash":"f9c9ceb5b347396b21845c2bedeb4d7940ab0cca"}
,"C:\\Users\\mabdu\\OneDrive\\Documents\\exam\\db.js": {"path":"C:\\Users\\mabdu\\OneDrive\\Documents\\exam\\db.js","statementMap":{"0":{"start":{"line":1,"column":17},"end":{"line":1,"column":36}},"1":{"start":{"line":2,"column":0},"end":{"line":2,"column":27}},"2":{"start":{"line":4,"column":18},"end":{"line":4,"column":39}},"3":{"start":{"line":7,"column":4},"end":{"line":9,"column":34}},"4":{"start":{"line":8,"column":14},"end":{"line":8,"column":46}},"5":{"start":{"line":9,"column":16},"end":{"line":9,"column":32}},"6":{"start":{"line":13,"column":0},"end":{"line":13,"column":38}}},"fnMap":{"0":{"name":"connectToMongoDB","decl":{"start":{"line":6,"column":9},"end":{"line":6,"column":25}},"loc":{"start":{"line":6,"column":28},"end":{"line":11,"column":1}},"line":6},"1":{"name":"(anonymous_1)","decl":{"start":{"line":8,"column":8},"end":{"line":8,"column":9}},"loc":{"start":{"line":8,"column":14},"end":{"line":8,"column":46}},"line":8},"2":{"name":"(anonymous_2)","decl":{"start":{"line":9,"column":9},"end":{"line":9,"column":10}},"loc":{"start":{"line":9,"column":16},"end":{"line":9,"column":32}},"line":9}},"branchMap":{},"s":{"0":1,"1":1,"2":1,"3":1,"4":0,"5":0,"6":1},"f":{"0":1,"1":0,"2":0},"b":{},"_coverageSchema":"1a1c01bbd47fc00a2c39e90264f33305004495a9","hash":"3f60edb611a14a5cf9402cefd73d377b1c391603"}
,"C:\\Users\\mabdu\\OneDrive\\Documents\\exam\\authentication\\auth.js": {"path":"C:\\Users\\mabdu\\OneDrive\\Documents\\exam\\authentication\\auth.js","statementMap":{"0":{"start":{"line":1,"column":19},"end":{"line":1,"column":38}},"1":{"start":{"line":2,"column":24},"end":{"line":2,"column":58}},"2":{"start":{"line":4,"column":20},"end":{"line":4,"column":45}},"3":{"start":{"line":6,"column":22},"end":{"line":6,"column":54}},"4":{"start":{"line":7,"column":21},"end":{"line":7,"column":55}},"5":{"start":{"line":8,"column":2},"end":{"line":8,"column":37}},"6":{"start":{"line":10,"column":2},"end":{"line":30,"column":2}},"7":{"start":{"line":19,"column":46},"end":{"line":19,"column":54}},"8":{"start":{"line":21,"column":12},"end":{"line":27,"column":13}},"9":{"start":{"line":22,"column":29},"end":{"line":22,"column":95}},"10":{"start":{"line":24,"column":16},"end":{"line":24,"column":40}},"11":{"start":{"line":26,"column":16},"end":{"line":26,"column":35}},"12":{"start":{"line":33,"column":2},"end":{"line":60,"column":4}},"13":{"start":{"line":41,"column":14},"end":{"line":57,"column":15}},"14":{"start":{"line":42,"column":31},"end":{"line":42,"column":65}},"15":{"start":{"line":44,"column":18},"end":{"line":46,"column":19}},"16":{"start":{"line":45,"column":22},"end":{"line":45,"column":78}},"17":{"start":{"line":48,"column":35},"end":{"line":48,"column":71}},"18":{"start":{"line":50,"column":18},"end":{"line":52,"column":19}},"19":{"start":{"line":51,"column":22},"end":{"line":51,"column":78}},"20":{"start":{"line":54,"column":18},"end":{"line":54,"column":81}},"21":{"start":{"line":56,"column":18},"end":{"line":56,"column":37}}},"fnMap":{"0":{"name":"(anonymous_0)","decl":{"start":{"line":18,"column":8},"end":{"line":18,"column":9}},"loc":{"start":{"line":18,"column":46},"end":{"line":28,"column":9}},"line":18},"1":{"name":"(anonymous_1)","decl":{"start":{"line":40,"column":10},"end":{"line":40,"column":11}},"loc":{"start":{"line":40,"column":43},"end":{"line":58,"column":11}},"line":40}},"branchMap":{"0":{"loc":{"start":{"line":44,"column":18},"end":{"line":46,"column":19}},"type":"if","locations":[{"start":{"line":44,"column":18},"end":{"line":46,"column":19}},{"start":{},"end":{}}],"line":44},"1":{"loc":{"start":{"line":50,"column":18},"end":{"line":52,"column":19}},"type":"if","locations":[{"start":{"line":50,"column":18},"end":{"line":52,"column":19}},{"start":{},"end":{}}],"line":50}},"s":{"0":1,"1":1,"2":1,"3":1,"4":1,"5":1,"6":1,"7":0,"8":0,"9":0,"10":0,"11":0,"12":1,"13":0,"14":0,"15":0,"16":0,"17":0,"18":0,"19":0,"20":0,"21":0},"f":{"0":0,"1":0},"b":{"0":[0,0],"1":[0,0]},"_coverageSchema":"1a1c01bbd47fc00a2c39e90264f33305004495a9","hash":"a31a90d8c094f4ea92e9ea1aaddae09ac13db4a6"}
,"C:\\Users\\mabdu\\OneDrive\\Documents\\exam\\models\\blog.js": {"path":"C:\\Users\\mabdu\\OneDrive\\Documents\\exam\\models\\blog.js","statementMap":{"0":{"start":{"line":1,"column":17},"end":{"line":1,"column":36}},"1":{"start":{"line":2,"column":17},"end":{"line":2,"column":48}},"2":{"start":{"line":4,"column":15},"end":{"line":4,"column":30}},"3":{"start":{"line":6,"column":19},"end":{"line":16,"column":4}},"4":{"start":{"line":17,"column":2},"end":{"line":17,"column":30}},"5":{"start":{"line":19,"column":2},"end":{"line":19,"column":55}}},"fnMap":{},"branchMap":{},"s":{"0":1,"1":1,"2":1,"3":1,"4":1,"5":1},"f":{},"b":{},"_coverageSchema":"1a1c01bbd47fc00a2c39e90264f33305004495a9","hash":"bd02d0cc0b52d928fc15397683730bbd7f2676f0"}
,"C:\\Users\\mabdu\\OneDrive\\Documents\\exam\\models\\user.js": {"path":"C:\\Users\\mabdu\\OneDrive\\Documents\\exam\\models\\user.js","statementMap":{"0":{"start":{"line":1,"column":17},"end":{"line":1,"column":36}},"1":{"start":{"line":2,"column":15},"end":{"line":2,"column":32}},"2":{"start":{"line":3,"column":15},"end":{"line":3,"column":30}},"3":{"start":{"line":5,"column":19},"end":{"line":10,"column":4}},"4":{"start":{"line":13,"column":2},"end":{"line":22,"column":2}},"5":{"start":{"line":16,"column":21},"end":{"line":16,"column":25}},"6":{"start":{"line":17,"column":21},"end":{"line":17,"column":57}},"7":{"start":{"line":19,"column":8},"end":{"line":19,"column":29}},"8":{"start":{"line":20,"column":8},"end":{"line":20,"column":15}},"9":{"start":{"line":24,"column":0},"end":{"line":29,"column":3}},"10":{"start":{"line":25,"column":17},"end":{"line":25,"column":21}},"11":{"start":{"line":26,"column":20},"end":{"line":26,"column":65}},"12":{"start":{"line":28,"column":4},"end":{"line":28,"column":19}},"13":{"start":{"line":32,"column":18},"end":{"line":32,"column":53}},"14":{"start":{"line":34,"column":0},"end":{"line":34,"column":27}}},"fnMap":{"0":{"name":"(anonymous_0)","decl":{"start":{"line":15,"column":4},"end":{"line":15,"column":5}},"loc":{"start":{"line":15,"column":26},"end":{"line":21,"column":5}},"line":15},"1":{"name":"(anonymous_1)","decl":{"start":{"line":24,"column":37},"end":{"line":24,"column":38}},"loc":{"start":{"line":24,"column":62},"end":{"line":29,"column":3}},"line":24}},"branchMap":{},"s":{"0":1,"1":1,"2":1,"3":1,"4":1,"5":0,"6":0,"7":0,"8":0,"9":1,"10":0,"11":0,"12":0,"13":1,"14":1},"f":{"0":0,"1":0},"b":{},"_coverageSchema":"1a1c01bbd47fc00a2c39e90264f33305004495a9","hash":"36d35bf3808dd64490d4304aab59af111a8e9d24"}
,"C:\\Users\\mabdu\\OneDrive\\Documents\\exam\\routes\\auth.js": {"path":"C:\\Users\\mabdu\\OneDrive\\Documents\\exam\\routes\\auth.js","statementMap":{"0":{"start":{"line":1,"column":16},"end":{"line":1,"column":34}},"1":{"start":{"line":2,"column":19},"end":{"line":2,"column":41}},"2":{"start":{"line":3,"column":12},"end":{"line":3,"column":35}},"3":{"start":{"line":4,"column":0},"end":{"line":4,"column":27}},"4":{"start":{"line":6,"column":13},"end":{"line":6,"column":38}},"5":{"start":{"line":7,"column":18},"end":{"line":7,"column":40}},"6":{"start":{"line":8,"column":19},"end":{"line":8,"column":35}},"7":{"start":{"line":10,"column":0},"end":{"line":10,"column":59}},"8":{"start":{"line":11,"column":0},"end":{"line":11,"column":34}},"9":{"start":{"line":12,"column":0},"end":{"line":12,"column":31}},"10":{"start":{"line":14,"column":17},"end":{"line":14,"column":36}},"11":{"start":{"line":17,"column":0},"end":{"line":25,"column":2}},"12":{"start":{"line":20,"column":6},"end":{"line":23,"column":9}},"13":{"start":{"line":27,"column":0},"end":{"line":59,"column":2}},"14":{"start":{"line":30,"column":8},"end":{"line":57,"column":26}},"15":{"start":{"line":31,"column":12},"end":{"line":55,"column":13}},"16":{"start":{"line":32,"column":16},"end":{"line":34,"column":17}},"17":{"start":{"line":33,"column":20},"end":{"line":33,"column":37}},"18":{"start":{"line":35,"column":16},"end":{"line":38,"column":17}},"19":{"start":{"line":36,"column":34},"end":{"line":36,"column":80}},"20":{"start":{"line":37,"column":20},"end":{"line":37,"column":39}},"21":{"start":{"line":40,"column":16},"end":{"line":52,"column":18}},"22":{"start":{"line":42,"column":24},"end":{"line":42,"column":54}},"23":{"start":{"line":42,"column":35},"end":{"line":42,"column":54}},"24":{"start":{"line":44,"column":40},"end":{"line":44,"column":81}},"25":{"start":{"line":46,"column":38},"end":{"line":46,"column":87}},"26":{"start":{"line":48,"column":24},"end":{"line":48,"column":105}},"27":{"start":{"line":49,"column":24},"end":{"line":49,"column":40}},"28":{"start":{"line":50,"column":24},"end":{"line":50,"column":42}},"29":{"start":{"line":54,"column":16},"end":{"line":54,"column":35}},"30":{"start":{"line":63,"column":2},"end":{"line":63,"column":30}}},"fnMap":{"0":{"name":"(anonymous_0)","decl":{"start":{"line":19,"column":55},"end":{"line":19,"column":56}},"loc":{"start":{"line":19,"column":81},"end":{"line":24,"column":3}},"line":19},"1":{"name":"(anonymous_1)","decl":{"start":{"line":29,"column":4},"end":{"line":29,"column":5}},"loc":{"start":{"line":29,"column":30},"end":{"line":58,"column":5}},"line":29},"2":{"name":"(anonymous_2)","decl":{"start":{"line":30,"column":39},"end":{"line":30,"column":40}},"loc":{"start":{"line":30,"column":66},"end":{"line":56,"column":9}},"line":30},"3":{"name":"(anonymous_3)","decl":{"start":{"line":41,"column":20},"end":{"line":41,"column":21}},"loc":{"start":{"line":41,"column":37},"end":{"line":51,"column":21}},"line":41}},"branchMap":{"0":{"loc":{"start":{"line":32,"column":16},"end":{"line":34,"column":17}},"type":"if","locations":[{"start":{"line":32,"column":16},"end":{"line":34,"column":17}},{"start":{},"end":{}}],"line":32},"1":{"loc":{"start":{"line":35,"column":16},"end":{"line":38,"column":17}},"type":"if","locations":[{"start":{"line":35,"column":16},"end":{"line":38,"column":17}},{"start":{},"end":{}}],"line":35},"2":{"loc":{"start":{"line":42,"column":24},"end":{"line":42,"column":54}},"type":"if","locations":[{"start":{"line":42,"column":24},"end":{"line":42,"column":54}},{"start":{},"end":{}}],"line":42}},"s":{"0":1,"1":1,"2":1,"3":1,"4":1,"5":1,"6":1,"7":1,"8":1,"9":1,"10":1,"11":1,"12":0,"13":1,"14":1,"15":1,"16":1,"17":0,"18":1,"19":1,"20":1,"21":0,"22":0,"23":0,"24":0,"25":0,"26":0,"27":0,"28":0,"29":0,"30":1},"f":{"0":0,"1":1,"2":1,"3":0},"b":{"0":[0,1],"1":[1,0],"2":[0,0]},"_coverageSchema":"1a1c01bbd47fc00a2c39e90264f33305004495a9","hash":"7425c666aae3b7a1f7738e3c931d23b34191a0a2"}
,"C:\\Users\\mabdu\\OneDrive\\Documents\\exam\\routes\\blogs.js": {"path":"C:\\Users\\mabdu\\OneDrive\\Documents\\exam\\routes\\blogs.js","statementMap":{"0":{"start":{"line":1,"column":16},"end":{"line":1,"column":34}},"1":{"start":{"line":2,"column":13},"end":{"line":2,"column":38}},"2":{"start":{"line":3,"column":17},"end":{"line":3,"column":36}},"3":{"start":{"line":4,"column":19},"end":{"line":4,"column":53}},"4":{"start":{"line":5,"column":21},"end":{"line":5,"column":45}},"5":{"start":{"line":8,"column":19},"end":{"line":8,"column":35}},"6":{"start":{"line":9,"column":12},"end":{"line":9,"column":35}},"7":{"start":{"line":13,"column":0},"end":{"line":13,"column":31}},"8":{"start":{"line":15,"column":18},"end":{"line":15,"column":40}},"9":{"start":{"line":21,"column":16},"end":{"line":21,"column":33}},"10":{"start":{"line":22,"column":20},"end":{"line":22,"column":32}},"11":{"start":{"line":23,"column":27},"end":{"line":23,"column":29}},"12":{"start":{"line":24,"column":27},"end":{"line":24,"column":29}},"13":{"start":{"line":25,"column":20},"end":{"line":25,"column":21}},"14":{"start":{"line":26,"column":21},"end":{"line":26,"column":43}},"15":{"start":{"line":28,"column":2},"end":{"line":35,"column":3}},"16":{"start":{"line":29,"column":4},"end":{"line":29,"column":47}},"17":{"start":{"line":30,"column":4},"end":{"line":30,"column":50}},"18":{"start":{"line":31,"column":4},"end":{"line":31,"column":30}},"19":{"start":{"line":33,"column":4},"end":{"line":33,"column":50}},"20":{"start":{"line":34,"column":4},"end":{"line":34,"column":30}},"21":{"start":{"line":38,"column":0},"end":{"line":50,"column":3}},"22":{"start":{"line":40,"column":18},"end":{"line":40,"column":35}},"23":{"start":{"line":41,"column":4},"end":{"line":48,"column":5}},"24":{"start":{"line":42,"column":8},"end":{"line":47,"column":9}},"25":{"start":{"line":43,"column":25},"end":{"line":43,"column":53}},"26":{"start":{"line":44,"column":12},"end":{"line":44,"column":28}},"27":{"start":{"line":49,"column":4},"end":{"line":49,"column":11}},"28":{"start":{"line":53,"column":16},"end":{"line":53,"column":33}},"29":{"start":{"line":55,"column":2},"end":{"line":57,"column":3}},"30":{"start":{"line":56,"column":6},"end":{"line":56,"column":63}},"31":{"start":{"line":59,"column":2},"end":{"line":65,"column":5}},"32":{"start":{"line":60,"column":6},"end":{"line":62,"column":7}},"33":{"start":{"line":61,"column":10},"end":{"line":61,"column":67}},"34":{"start":{"line":64,"column":6},"end":{"line":64,"column":13}},"35":{"start":{"line":69,"column":0},"end":{"line":80,"column":3}},"36":{"start":{"line":70,"column":2},"end":{"line":79,"column":66}},"37":{"start":{"line":73,"column":10},"end":{"line":76,"column":13}},"38":{"start":{"line":74,"column":14},"end":{"line":74,"column":35}},"39":{"start":{"line":75,"column":14},"end":{"line":75,"column":26}},"40":{"start":{"line":77,"column":10},"end":{"line":77,"column":26}},"41":{"start":{"line":79,"column":20},"end":{"line":79,"column":64}},"42":{"start":{"line":83,"column":0},"end":{"line":92,"column":3}},"43":{"start":{"line":84,"column":16},"end":{"line":84,"column":33}},"44":{"start":{"line":85,"column":15},"end":{"line":85,"column":43}},"45":{"start":{"line":86,"column":2},"end":{"line":86,"column":19}},"46":{"start":{"line":87,"column":2},"end":{"line":91,"column":64}},"47":{"start":{"line":89,"column":4},"end":{"line":89,"column":55}},"48":{"start":{"line":91,"column":18},"end":{"line":91,"column":62}},"49":{"start":{"line":94,"column":0},"end":{"line":102,"column":3}},"50":{"start":{"line":95,"column":16},"end":{"line":95,"column":33}},"51":{"start":{"line":96,"column":15},"end":{"line":96,"column":43}},"52":{"start":{"line":97,"column":2},"end":{"line":101,"column":64}},"53":{"start":{"line":99,"column":4},"end":{"line":99,"column":53}},"54":{"start":{"line":101,"column":18},"end":{"line":101,"column":62}},"55":{"start":{"line":104,"column":0},"end":{"line":111,"column":3}},"56":{"start":{"line":105,"column":2},"end":{"line":110,"column":66}},"57":{"start":{"line":108,"column":10},"end":{"line":108,"column":49}},"58":{"start":{"line":110,"column":20},"end":{"line":110,"column":64}},"59":{"start":{"line":113,"column":0},"end":{"line":132,"column":5}},"60":{"start":{"line":114,"column":19},"end":{"line":114,"column":32}},"61":{"start":{"line":116,"column":4},"end":{"line":131,"column":66}},"62":{"start":{"line":119,"column":8},"end":{"line":121,"column":9}},"63":{"start":{"line":120,"column":10},"end":{"line":120,"column":69}},"64":{"start":{"line":124,"column":8},"end":{"line":124,"column":29}},"65":{"start":{"line":127,"column":8},"end":{"line":127,"column":20}},"66":{"start":{"line":129,"column":8},"end":{"line":129,"column":23}},"67":{"start":{"line":131,"column":20},"end":{"line":131,"column":64}},"68":{"start":{"line":136,"column":2},"end":{"line":176,"column":5}},"69":{"start":{"line":137,"column":47},"end":{"line":137,"column":55}},"70":{"start":{"line":138,"column":18},"end":{"line":138,"column":35}},"71":{"start":{"line":140,"column":4},"end":{"line":142,"column":5}},"72":{"start":{"line":141,"column":6},"end":{"line":141,"column":85}},"73":{"start":{"line":146,"column":19},"end":{"line":146,"column":54}},"74":{"start":{"line":148,"column":23},"end":{"line":148,"column":24}},"75":{"start":{"line":149,"column":23},"end":{"line":149,"column":26}},"76":{"start":{"line":150,"column":25},"end":{"line":150,"column":63}},"77":{"start":{"line":153,"column":4},"end":{"line":174,"column":7}},"78":{"start":{"line":154,"column":6},"end":{"line":156,"column":7}},"79":{"start":{"line":155,"column":8},"end":{"line":155,"column":71}},"80":{"start":{"line":158,"column":22},"end":{"line":168,"column":8}},"81":{"start":{"line":170,"column":6},"end":{"line":173,"column":68}},"82":{"start":{"line":172,"column":22},"end":{"line":172,"column":45}},"83":{"start":{"line":173,"column":22},"end":{"line":173,"column":66}},"84":{"start":{"line":179,"column":0},"end":{"line":204,"column":3}},"85":{"start":{"line":180,"column":17},"end":{"line":180,"column":34}},"86":{"start":{"line":181,"column":16},"end":{"line":181,"column":33}},"87":{"start":{"line":182,"column":21},"end":{"line":182,"column":49}},"88":{"start":{"line":183,"column":2},"end":{"line":203,"column":3}},"89":{"start":{"line":184,"column":4},"end":{"line":184,"column":35}},"90":{"start":{"line":185,"column":4},"end":{"line":185,"column":35}},"91":{"start":{"line":188,"column":17},"end":{"line":188,"column":75}},"92":{"start":{"line":189,"column":4},"end":{"line":189,"column":31}},"93":{"start":{"line":190,"column":4},"end":{"line":192,"column":5}},"94":{"start":{"line":191,"column":6},"end":{"line":191,"column":89}},"95":{"start":{"line":194,"column":4},"end":{"line":194,"column":41}},"96":{"start":{"line":196,"column":4},"end":{"line":196,"column":29}},"97":{"start":{"line":197,"column":4},"end":{"line":197,"column":22}},"98":{"start":{"line":199,"column":4},"end":{"line":199,"column":31}},"99":{"start":{"line":201,"column":4},"end":{"line":201,"column":35}},"100":{"start":{"line":202,"column":4},"end":{"line":202,"column":79}},"101":{"start":{"line":207,"column":2},"end":{"line":232,"column":5}},"102":{"start":{"line":208,"column":19},"end":{"line":208,"column":36}},"103":{"start":{"line":209,"column":18},"end":{"line":209,"column":35}},"104":{"start":{"line":210,"column":17},"end":{"line":210,"column":45}},"105":{"start":{"line":212,"column":4},"end":{"line":231,"column":5}},"106":{"start":{"line":213,"column":19},"end":{"line":213,"column":82}},"107":{"start":{"line":215,"column":6},"end":{"line":217,"column":7}},"108":{"start":{"line":216,"column":8},"end":{"line":216,"column":91}},"109":{"start":{"line":219,"column":49},"end":{"line":219,"column":57}},"110":{"start":{"line":220,"column":6},"end":{"line":220,"column":25}},"111":{"start":{"line":221,"column":6},"end":{"line":221,"column":37}},"112":{"start":{"line":222,"column":6},"end":{"line":222,"column":23}},"113":{"start":{"line":223,"column":6},"end":{"line":223,"column":23}},"114":{"start":{"line":225,"column":6},"end":{"line":225,"column":24}},"115":{"start":{"line":227,"column":4},"end":{"line":227,"column":29}},"116":{"start":{"line":229,"column":6},"end":{"line":229,"column":66}},"117":{"start":{"line":230,"column":6},"end":{"line":230,"column":25}},"118":{"start":{"line":235,"column":0},"end":{"line":254,"column":3}},"119":{"start":{"line":236,"column":17},"end":{"line":236,"column":34}},"120":{"start":{"line":237,"column":16},"end":{"line":237,"column":33}},"121":{"start":{"line":238,"column":15},"end":{"line":238,"column":43}},"122":{"start":{"line":240,"column":2},"end":{"line":253,"column":3}},"123":{"start":{"line":241,"column":17},"end":{"line":241,"column":80}},"124":{"start":{"line":243,"column":4},"end":{"line":245,"column":5}},"125":{"start":{"line":244,"column":6},"end":{"line":244,"column":89}},"126":{"start":{"line":247,"column":4},"end":{"line":247,"column":24}},"127":{"start":{"line":250,"column":4},"end":{"line":250,"column":29}},"128":{"start":{"line":252,"column":4},"end":{"line":252,"column":66}},"129":{"start":{"line":256,"column":0},"end":{"line":256,"column":28}}},"fnMap":{"0":{"name":"calculateReadingTime","decl":{"start":{"line":20,"column":9},"end":{"line":20,"column":29}},"loc":{"start":{"line":20,"column":48},"end":{"line":36,"column":1}},"line":20},"1":{"name":"(anonymous_1)","decl":{"start":{"line":38,"column":15},"end":{"line":38,"column":16}},"loc":{"start":{"line":38,"column":35},"end":{"line":50,"column":1}},"line":38},"2":{"name":"authenticate","decl":{"start":{"line":52,"column":9},"end":{"line":52,"column":21}},"loc":{"start":{"line":52,"column":38},"end":{"line":66,"column":1}},"line":52},"3":{"name":"(anonymous_3)","decl":{"start":{"line":59,"column":31},"end":{"line":59,"column":32}},"loc":{"start":{"line":59,"column":49},"end":{"line":65,"column":3}},"line":59},"4":{"name":"(anonymous_4)","decl":{"start":{"line":69,"column":25},"end":{"line":69,"column":26}},"loc":{"start":{"line":69,"column":39},"end":{"line":80,"column":1}},"line":69},"5":{"name":"(anonymous_5)","decl":{"start":{"line":72,"column":12},"end":{"line":72,"column":13}},"loc":{"start":{"line":72,"column":21},"end":{"line":78,"column":7}},"line":72},"6":{"name":"(anonymous_6)","decl":{"start":{"line":73,"column":24},"end":{"line":73,"column":25}},"loc":{"start":{"line":73,"column":32},"end":{"line":76,"column":11}},"line":73},"7":{"name":"(anonymous_7)","decl":{"start":{"line":79,"column":13},"end":{"line":79,"column":14}},"loc":{"start":{"line":79,"column":20},"end":{"line":79,"column":64}},"line":79},"8":{"name":"(anonymous_8)","decl":{"start":{"line":83,"column":29},"end":{"line":83,"column":30}},"loc":{"start":{"line":83,"column":43},"end":{"line":92,"column":1}},"line":83},"9":{"name":"(anonymous_9)","decl":{"start":{"line":88,"column":10},"end":{"line":88,"column":11}},"loc":{"start":{"line":88,"column":19},"end":{"line":90,"column":5}},"line":88},"10":{"name":"(anonymous_10)","decl":{"start":{"line":91,"column":11},"end":{"line":91,"column":12}},"loc":{"start":{"line":91,"column":18},"end":{"line":91,"column":62}},"line":91},"11":{"name":"(anonymous_11)","decl":{"start":{"line":94,"column":27},"end":{"line":94,"column":28}},"loc":{"start":{"line":94,"column":41},"end":{"line":102,"column":1}},"line":94},"12":{"name":"(anonymous_12)","decl":{"start":{"line":98,"column":10},"end":{"line":98,"column":11}},"loc":{"start":{"line":98,"column":19},"end":{"line":100,"column":5}},"line":98},"13":{"name":"(anonymous_13)","decl":{"start":{"line":101,"column":11},"end":{"line":101,"column":12}},"loc":{"start":{"line":101,"column":18},"end":{"line":101,"column":62}},"line":101},"14":{"name":"(anonymous_14)","decl":{"start":{"line":104,"column":40},"end":{"line":104,"column":41}},"loc":{"start":{"line":104,"column":54},"end":{"line":111,"column":1}},"line":104},"15":{"name":"(anonymous_15)","decl":{"start":{"line":107,"column":12},"end":{"line":107,"column":13}},"loc":{"start":{"line":107,"column":21},"end":{"line":109,"column":7}},"line":107},"16":{"name":"(anonymous_16)","decl":{"start":{"line":110,"column":13},"end":{"line":110,"column":14}},"loc":{"start":{"line":110,"column":20},"end":{"line":110,"column":64}},"line":110},"17":{"name":"(anonymous_17)","decl":{"start":{"line":113,"column":29},"end":{"line":113,"column":30}},"loc":{"start":{"line":113,"column":43},"end":{"line":132,"column":3}},"line":113},"18":{"name":"(anonymous_18)","decl":{"start":{"line":118,"column":12},"end":{"line":118,"column":13}},"loc":{"start":{"line":118,"column":20},"end":{"line":130,"column":7}},"line":118},"19":{"name":"(anonymous_19)","decl":{"start":{"line":131,"column":13},"end":{"line":131,"column":14}},"loc":{"start":{"line":131,"column":20},"end":{"line":131,"column":64}},"line":131},"20":{"name":"(anonymous_20)","decl":{"start":{"line":136,"column":43},"end":{"line":136,"column":44}},"loc":{"start":{"line":136,"column":57},"end":{"line":176,"column":3}},"line":136},"21":{"name":"(anonymous_21)","decl":{"start":{"line":153,"column":33},"end":{"line":153,"column":34}},"loc":{"start":{"line":153,"column":49},"end":{"line":174,"column":5}},"line":153},"22":{"name":"(anonymous_22)","decl":{"start":{"line":172,"column":14},"end":{"line":172,"column":15}},"loc":{"start":{"line":172,"column":22},"end":{"line":172,"column":45}},"line":172},"23":{"name":"(anonymous_23)","decl":{"start":{"line":173,"column":15},"end":{"line":173,"column":16}},"loc":{"start":{"line":173,"column":22},"end":{"line":173,"column":66}},"line":173},"24":{"name":"(anonymous_24)","decl":{"start":{"line":179,"column":35},"end":{"line":179,"column":36}},"loc":{"start":{"line":179,"column":55},"end":{"line":204,"column":1}},"line":179},"25":{"name":"(anonymous_25)","decl":{"start":{"line":207,"column":35},"end":{"line":207,"column":36}},"loc":{"start":{"line":207,"column":55},"end":{"line":232,"column":3}},"line":207},"26":{"name":"(anonymous_26)","decl":{"start":{"line":235,"column":36},"end":{"line":235,"column":37}},"loc":{"start":{"line":235,"column":56},"end":{"line":254,"column":1}},"line":235}},"branchMap":{"0":{"loc":{"start":{"line":28,"column":2},"end":{"line":35,"column":3}},"type":"if","locations":[{"start":{"line":28,"column":2},"end":{"line":35,"column":3}},{"start":{"line":32,"column":9},"end":{"line":35,"column":3}}],"line":28},"1":{"loc":{"start":{"line":41,"column":4},"end":{"line":48,"column":5}},"type":"if","locations":[{"start":{"line":41,"column":4},"end":{"line":48,"column":5}},{"start":{},"end":{}}],"line":41},"2":{"loc":{"start":{"line":55,"column":2},"end":{"line":57,"column":3}},"type":"if","locations":[{"start":{"line":55,"column":2},"end":{"line":57,"column":3}},{"start":{},"end":{}}],"line":55},"3":{"loc":{"start":{"line":60,"column":6},"end":{"line":62,"column":7}},"type":"if","locations":[{"start":{"line":60,"column":6},"end":{"line":62,"column":7}},{"start":{},"end":{}}],"line":60},"4":{"loc":{"start":{"line":119,"column":8},"end":{"line":121,"column":9}},"type":"if","locations":[{"start":{"line":119,"column":8},"end":{"line":121,"column":9}},{"start":{},"end":{}}],"line":119},"5":{"loc":{"start":{"line":140,"column":4},"end":{"line":142,"column":5}},"type":"if","locations":[{"start":{"line":140,"column":4},"end":{"line":142,"column":5}},{"start":{},"end":{}}],"line":140},"6":{"loc":{"start":{"line":140,"column":8},"end":{"line":140,"column":48}},"type":"binary-expr","locations":[{"start":{"line":140,"column":8},"end":{"line":140,"column":14}},{"start":{"line":140,"column":18},"end":{"line":140,"column":30}},{"start":{"line":140,"column":34},"end":{"line":140,"column":39}},{"start":{"line":140,"column":43},"end":{"line":140,"column":48}}],"line":140},"7":{"loc":{"start":{"line":154,"column":6},"end":{"line":156,"column":7}},"type":"if","locations":[{"start":{"line":154,"column":6},"end":{"line":156,"column":7}},{"start":{},"end":{}}],"line":154},"8":{"loc":{"start":{"line":190,"column":4},"end":{"line":192,"column":5}},"type":"if","locations":[{"start":{"line":190,"column":4},"end":{"line":192,"column":5}},{"start":{},"end":{}}],"line":190},"9":{"loc":{"start":{"line":215,"column":6},"end":{"line":217,"column":7}},"type":"if","locations":[{"start":{"line":215,"column":6},"end":{"line":217,"column":7}},{"start":{},"end":{}}],"line":215},"10":{"loc":{"start":{"line":243,"column":4},"end":{"line":245,"column":5}},"type":"if","locations":[{"start":{"line":243,"column":4},"end":{"line":245,"column":5}},{"start":{},"end":{}}],"line":243}},"s":{"0":1,"1":1,"2":1,"3":1,"4":1,"5":1,"6":1,"7":1,"8":1,"9":0,"10":0,"11":0,"12":0,"13":0,"14":0,"15":0,"16":0,"17":0,"18":0,"19":0,"20":0,"21":1,"22":1,"23":1,"24":0,"25":0,"26":0,"27":1,"28":0,"29":0,"30":0,"31":0,"32":0,"33":0,"34":0,"35":1,"36":0,"37":0,"38":0,"39":0,"40":0,"41":0,"42":1,"43":0,"44":0,"45":0,"46":0,"47":0,"48":0,"49":1,"50":0,"51":0,"52":0,"53":0,"54":0,"55":1,"56":0,"57":0,"58":0,"59":1,"60":0,"61":0,"62":0,"63":0,"64":0,"65":0,"66":0,"67":0,"68":1,"69":0,"70":0,"71":0,"72":0,"73":0,"74":0,"75":0,"76":0,"77":0,"78":0,"79":0,"80":0,"81":0,"82":0,"83":0,"84":1,"85":0,"86":0,"87":0,"88":0,"89":0,"90":0,"91":0,"92":0,"93":0,"94":0,"95":0,"96":0,"97":0,"98":0,"99":0,"100":0,"101":1,"102":0,"103":0,"104":0,"105":0,"106":0,"107":0,"108":0,"109":0,"110":0,"111":0,"112":0,"113":0,"114":0,"115":0,"116":0,"117":0,"118":1,"119":0,"120":0,"121":0,"122":0,"123":0,"124":0,"125":0,"126":0,"127":0,"128":0,"129":1},"f":{"0":0,"1":1,"2":0,"3":0,"4":0,"5":0,"6":0,"7":0,"8":0,"9":0,"10":0,"11":0,"12":0,"13":0,"14":0,"15":0,"16":0,"17":0,"18":0,"19":0,"20":0,"21":0,"22":0,"23":0,"24":0,"25":0,"26":0},"b":{"0":[0,0],"1":[0,1],"2":[0,0],"3":[0,0],"4":[0,0],"5":[0,0],"6":[0,0,0,0],"7":[0,0],"8":[0,0],"9":[0,0],"10":[0,0]},"_coverageSchema":"1a1c01bbd47fc00a2c39e90264f33305004495a9","hash":"26bcf330e8d3cfbf3a7fdfdf7040c062d96e05b1"}
}
